<?xml version="1.0" encoding="UTF-8"?>
<robot generator="Robot 3.0.2 (Python 3.6.0 on win32)" generated="20171125 14:28:18.228">
<suite id="s1" name="Register.Spec" source="C:\Users\informatics\workspace\06-robot\test\register.spec.robot">
<test id="s1-t1" name="Check all required fields in registration form">
<kw name="Open Browser" library="SeleniumLibrary">
<doc>Opens a new browser instance to the given ``url``.</doc>
<arguments>
<arg>http://angsila.cs.buu.ac.th/~wittawas/601/887240/labs/testdemo/index.php/register</arg>
<arg>chrome</arg>
</arguments>
<msg timestamp="20171125 14:28:18.340" level="INFO">Opening browser 'chrome' to base url 'http://angsila.cs.buu.ac.th/~wittawas/601/887240/labs/testdemo/index.php/register'.</msg>
<status status="PASS" starttime="20171125 14:28:18.340" endtime="20171125 14:28:21.903"></status>
</kw>
<kw name="Click Element" library="SeleniumLibrary">
<doc>Click element identified by ``locator``.</doc>
<arguments>
<arg>id=btn_submit</arg>
</arguments>
<msg timestamp="20171125 14:28:21.904" level="INFO">Clicking element 'id=btn_submit'.</msg>
<status status="PASS" starttime="20171125 14:28:21.904" endtime="20171125 14:28:22.009"></status>
</kw>
<kw name="Wait Until Page Contains" library="SeleniumLibrary">
<doc>Waits until ``text`` appears on current page.</doc>
<arguments>
<arg>The Email field is required.</arg>
</arguments>
<status status="PASS" starttime="20171125 14:28:22.010" endtime="20171125 14:28:22.030"></status>
</kw>
<kw name="Wait Until Page Contains" library="SeleniumLibrary">
<doc>Waits until ``text`` appears on current page.</doc>
<arguments>
<arg>The Password field is required.</arg>
</arguments>
<status status="PASS" starttime="20171125 14:28:22.030" endtime="20171125 14:28:22.046"></status>
</kw>
<kw name="Wait Until Page Contains" library="SeleniumLibrary">
<doc>Waits until ``text`` appears on current page.</doc>
<arguments>
<arg>The Re-type Password field is required.</arg>
</arguments>
<status status="PASS" starttime="20171125 14:28:22.046" endtime="20171125 14:28:22.061"></status>
</kw>
<kw name="Wait Until Page Contains" library="SeleniumLibrary">
<doc>Waits until ``text`` appears on current page.</doc>
<arguments>
<arg>The Name field is required.</arg>
</arguments>
<status status="PASS" starttime="20171125 14:28:22.061" endtime="20171125 14:28:22.078"></status>
</kw>
<status status="PASS" starttime="20171125 14:28:18.340" endtime="20171125 14:28:22.078" critical="yes"></status>
</test>
<test id="s1-t2" name="Register successfully when input valid data">
<kw name="Open Browser" library="SeleniumLibrary">
<doc>Opens a new browser instance to the given ``url``.</doc>
<arguments>
<arg>http://angsila.cs.buu.ac.th/~wittawas/601/887240/labs/testdemo/index.php/register</arg>
<arg>chrome</arg>
</arguments>
<msg timestamp="20171125 14:28:22.079" level="INFO">Opening browser 'chrome' to base url 'http://angsila.cs.buu.ac.th/~wittawas/601/887240/labs/testdemo/index.php/register'.</msg>
<status status="PASS" starttime="20171125 14:28:22.079" endtime="20171125 14:28:25.596"></status>
</kw>
<kw name="Input Text" library="SeleniumLibrary">
<doc>Types the given ``text`` into text field identified by ``locator``.</doc>
<arguments>
<arg>id=email</arg>
<arg>suphalerts@gmail.com</arg>
</arguments>
<msg timestamp="20171125 14:28:25.597" level="INFO">Typing text 'suphalerts@gmail.com' into text field 'id=email'.</msg>
<status status="PASS" starttime="20171125 14:28:25.597" endtime="20171125 14:28:25.734"></status>
</kw>
<kw name="Input Password" library="SeleniumLibrary">
<doc>Types the given password into text field identified by ``locator``.</doc>
<arguments>
<arg>id=password</arg>
<arg>1111</arg>
</arguments>
<msg timestamp="20171125 14:28:25.735" level="INFO">Typing password into text field 'id=password'.</msg>
<status status="PASS" starttime="20171125 14:28:25.734" endtime="20171125 14:28:25.807"></status>
</kw>
<kw name="Input Password" library="SeleniumLibrary">
<doc>Types the given password into text field identified by ``locator``.</doc>
<arguments>
<arg>id=repassword</arg>
<arg>1111</arg>
</arguments>
<msg timestamp="20171125 14:28:25.807" level="INFO">Typing password into text field 'id=repassword'.</msg>
<status status="PASS" starttime="20171125 14:28:25.807" endtime="20171125 14:28:25.877"></status>
</kw>
<kw name="Input Text" library="SeleniumLibrary">
<doc>Types the given ``text`` into text field identified by ``locator``.</doc>
<arguments>
<arg>id=name</arg>
<arg>louis</arg>
</arguments>
<msg timestamp="20171125 14:28:25.877" level="INFO">Typing text 'louis' into text field 'id=name'.</msg>
<status status="PASS" starttime="20171125 14:28:25.877" endtime="20171125 14:28:25.952"></status>
</kw>
<kw name="Click Element" library="SeleniumLibrary">
<doc>Click element identified by ``locator``.</doc>
<arguments>
<arg>id=btn_submit</arg>
</arguments>
<msg timestamp="20171125 14:28:25.952" level="INFO">Clicking element 'id=btn_submit'.</msg>
<status status="PASS" starttime="20171125 14:28:25.952" endtime="20171125 14:28:26.134"></status>
</kw>
<kw name="Wait Until Page Contains" library="SeleniumLibrary">
<doc>Waits until ``text`` appears on current page.</doc>
<arguments>
<arg>suphalerts@gmail.com</arg>
</arguments>
<status status="PASS" starttime="20171125 14:28:26.134" endtime="20171125 14:28:26.155"></status>
</kw>
<status status="PASS" starttime="20171125 14:28:22.079" endtime="20171125 14:28:26.155" critical="yes"></status>
</test>
<kw name="Close All Browsers" library="SeleniumLibrary" type="teardown">
<doc>Closes all open browsers and resets the browser cache.</doc>
<status status="PASS" starttime="20171125 14:28:26.156" endtime="20171125 14:28:32.255"></status>
</kw>
<status status="PASS" starttime="20171125 14:28:18.228" endtime="20171125 14:28:32.255"></status>
</suite>
<statistics>
<total>
<stat pass="2" fail="0">Critical Tests</stat>
<stat pass="2" fail="0">All Tests</stat>
</total>
<tag>
</tag>
<suite>
<stat pass="2" fail="0" id="s1" name="Register.Spec">Register.Spec</stat>
</suite>
</statistics>
<errors>
</errors>
</robot>
